0 info it worked if it ends with ok
1 verbose cli [ '/Users/darren/.nvm/v0.10.25/bin/node',
1 verbose cli   '/Users/darren/.nvm/v0.10.25/bin/npm',
1 verbose cli   'install',
1 verbose cli   'strint',
1 verbose cli   '--save' ]
2 info using npm@1.3.24
3 info using node@v0.10.25
4 verbose readDependencies using package.json deps
5 verbose cache add [ 'strint', null ]
6 verbose cache add name=undefined spec="strint" args=["strint",null]
7 verbose parsed url { protocol: null,
7 verbose parsed url   slashes: null,
7 verbose parsed url   auth: null,
7 verbose parsed url   host: null,
7 verbose parsed url   port: null,
7 verbose parsed url   hostname: null,
7 verbose parsed url   hash: null,
7 verbose parsed url   search: null,
7 verbose parsed url   query: null,
7 verbose parsed url   pathname: 'strint',
7 verbose parsed url   path: 'strint',
7 verbose parsed url   href: 'strint' }
8 silly lockFile 0423dc86-strint strint
9 verbose lock strint /Users/darren/.npm/0423dc86-strint.lock
10 silly lockFile 0423dc86-strint strint
11 silly lockFile 0423dc86-strint strint
12 verbose addNamed [ 'strint', '' ]
13 verbose addNamed [ null, '*' ]
14 silly lockFile 7779a9ce-strint strint@
15 verbose lock strint@ /Users/darren/.npm/7779a9ce-strint.lock
16 silly addNameRange { name: 'strint', range: '*', hasData: false }
17 verbose url raw strint
18 verbose url resolving [ 'https://registry.npmjs.org/', './strint' ]
19 verbose url resolved https://registry.npmjs.org/strint
20 info trying registry request attempt 1 at 01:04:44
21 http GET https://registry.npmjs.org/strint
22 http 404 https://registry.npmjs.org/strint
23 silly registry.get cb [ 404,
23 silly registry.get   { date: 'Wed, 11 Jun 2014 16:04:44 GMT',
23 silly registry.get     server: 'CouchDB/1.5.0 (Erlang OTP/R14B04)',
23 silly registry.get     'content-type': 'application/json',
23 silly registry.get     via: '1.1 varnish',
23 silly registry.get     'cache-control': 'max-age=0',
23 silly registry.get     'content-length': '52',
23 silly registry.get     'accept-ranges': 'bytes',
23 silly registry.get     age: '0',
23 silly registry.get     'x-served-by': 'cache-sv94-SJC3, cache-ty67-TYO',
23 silly registry.get     'x-cache': 'MISS, MISS',
23 silly registry.get     'x-cache-hits': '0, 0',
23 silly registry.get     'x-timer': 'S1402502684.650736,VS0,VE206',
23 silly registry.get     'keep-alive': 'timeout=10, max=50',
23 silly registry.get     connection: 'Keep-Alive' } ]
24 silly lockFile 7779a9ce-strint strint@
25 silly lockFile 7779a9ce-strint strint@
26 error 404 'strint' is not in the npm registry.
26 error 404 You should bug the author to publish it
26 error 404 It was specified as a dependency of 'application-name'
26 error 404
26 error 404 Note that you can also install from a
26 error 404 tarball, folder, or http url, or git url.
27 error System Darwin 13.2.0
28 error command "/Users/darren/.nvm/v0.10.25/bin/node" "/Users/darren/.nvm/v0.10.25/bin/npm" "install" "strint" "--save"
29 error cwd /Users/darren/Documents/lifetime_learning/TwitThruSeet
30 error node -v v0.10.25
31 error npm -v 1.3.24
32 error code E404
33 verbose exit [ 1, true ]
